# JRE version: Java(TM) SE Runtime Environment (8.0_112-b15) (build 1.8.0_112-b15)
# Java VM: Java HotSpot(TM) 64-Bit Server VM (25.112-b15 mixed mode windows-amd64 compressed oops)
Heap:
 PSYoungGen      total 55296K, used 28627K [0x00000007bc400000, 0x00000007c0000000, 0x00000007c0000000)
  eden space 49152K, 56% used [0x00000007bc400000,0x00000007bdf14dc0,0x00000007bf400000)
  from space 6144K, 14% used [0x00000007bf400000,0x00000007bf4e0000,0x00000007bfa00000)
  to   space 5632K, 0% used [0x00000007bfa80000,0x00000007bfa80000,0x00000007c0000000)
 ParOldGen       total 92160K, used 46529K [0x0000000700000000, 0x0000000705a00000, 0x00000007bc400000)
  object space 92160K, 50% used [0x0000000700000000,0x0000000702d70738,0x0000000705a00000)
 Metaspace       used 67733K, capacity 68375K, committed 69120K, reserved 1110016K
  class space    used 9256K, capacity 9396K, committed 9472K, reserved 1048576K
GC Heap History (10 events):
Event: 1476.622 GC heap before
{Heap before GC invocations=108 (full 26):
 PSYoungGen      total 53760K, used 640K [0x00000007bc400000, 0x00000007c0000000, 0x00000007c0000000)
  eden space 48128K, 0% used [0x00000007bc400000,0x00000007bc400000,0x00000007bf300000)
  from space 5632K, 11% used [0x00000007bfa80000,0x00000007bfb20000,0x00000007c0000000)
  to   space 6656K, 0% used [0x00000007bf300000,0x00000007bf300000,0x00000007bf980000)
 ParOldGen       total 92160K, used 46567K [0x0000000700000000, 0x0000000705a00000, 0x00000007bc400000)
  object space 92160K, 50% used [0x0000000700000000,0x0000000702d79f58,0x0000000705a00000)
 Metaspace       used 67670K, capacity 68247K, committed 68864K, reserved 1107968K
  class space    used 9255K, capacity 9396K, committed 9472K, reserved 1048576K
Event: 1476.696 GC heap after
Heap after GC invocations=108 (full 26):
 PSYoungGen      total 53760K, used 0K [0x00000007bc400000, 0x00000007c0000000, 0x00000007c0000000)
  eden space 48128K, 0% used [0x00000007bc400000,0x00000007bc400000,0x00000007bf300000)
  from space 5632K, 0% used [0x00000007bfa80000,0x00000007bfa80000,0x00000007c0000000)
  to   space 6656K, 0% used [0x00000007bf300000,0x00000007bf300000,0x00000007bf980000)
 ParOldGen       total 92160K, used 46910K [0x0000000700000000, 0x0000000705a00000, 0x00000007bc400000)
  object space 92160K, 50% used [0x0000000700000000,0x0000000702dcfb10,0x0000000705a00000)
 Metaspace       used 67670K, capacity 68247K, committed 68864K, reserved 1107968K
  class space    used 9255K, capacity 9396K, committed 9472K, reserved 1048576K
}
Event: 1482.452 GC heap before
{Heap before GC invocations=109 (full 26):
 PSYoungGen      total 53760K, used 48128K [0x00000007bc400000, 0x00000007c0000000, 0x00000007c0000000)
  eden space 48128K, 100% used [0x00000007bc400000,0x00000007bf300000,0x00000007bf300000)
  from space 5632K, 0% used [0x00000007bfa80000,0x00000007bfa80000,0x00000007c0000000)
  to   space 6656K, 0% used [0x00000007bf300000,0x00000007bf300000,0x00000007bf980000)
 ParOldGen       total 92160K, used 46910K [0x0000000700000000, 0x0000000705a00000, 0x00000007bc400000)
  object space 92160K, 50% used [0x0000000700000000,0x0000000702dcfb10,0x0000000705a00000)
 Metaspace       used 67700K, capacity 68375K, committed 69120K, reserved 1110016K
  class space    used 9256K, capacity 9396K, committed 9472K, reserved 1048576K
Event: 1482.456 GC heap after
Heap after GC invocations=109 (full 26):
 PSYoungGen      total 54784K, used 995K [0x00000007bc400000, 0x00000007c0000000, 0x00000007c0000000)
  eden space 48128K, 0% used [0x00000007bc400000,0x00000007bc400000,0x00000007bf300000)
  from space 6656K, 14% used [0x00000007bf300000,0x00000007bf3f8e70,0x00000007bf980000)
  to   space 6144K, 0% used [0x00000007bfa00000,0x00000007bfa00000,0x00000007c0000000)
 ParOldGen       total 92160K, used 46910K [0x0000000700000000, 0x0000000705a00000, 0x00000007bc400000)
  object space 92160K, 50% used [0x0000000700000000,0x0000000702dcfb10,0x0000000705a00000)
 Metaspace       used 67700K, capacity 68375K, committed 69120K, reserved 1110016K
  class space    used 9256K, capacity 9396K, committed 9472K, reserved 1048576K
}
Event: 1482.494 GC heap before
{Heap before GC invocations=110 (full 26):
 PSYoungGen      total 54784K, used 5766K [0x00000007bc400000, 0x00000007c0000000, 0x00000007c0000000)
  eden space 48128K, 9% used [0x00000007bc400000,0x00000007bc8a8ca0,0x00000007bf300000)
  from space 6656K, 14% used [0x00000007bf300000,0x00000007bf3f8e70,0x00000007bf980000)
  to   space 6144K, 0% used [0x00000007bfa00000,0x00000007bfa00000,0x00000007c0000000)
 ParOldGen       total 92160K, used 46910K [0x0000000700000000, 0x0000000705a00000, 0x00000007bc400000)
  object space 92160K, 50% used [0x0000000700000000,0x0000000702dcfb10,0x0000000705a00000)
 Metaspace       used 67702K, capacity 68375K, committed 69120K, reserved 1110016K
  class space    used 9256K, capacity 9396K, committed 9472K, reserved 1048576K
Event: 1482.497 GC heap after
Heap after GC invocations=110 (full 26):
 PSYoungGen      total 55296K, used 675K [0x00000007bc400000, 0x00000007c0000000, 0x00000007c0000000)
  eden space 49152K, 0% used [0x00000007bc400000,0x00000007bc400000,0x00000007bf400000)
  from space 6144K, 10% used [0x00000007bfa00000,0x00000007bfaa8e70,0x00000007c0000000)
  to   space 6144K, 0% used [0x00000007bf400000,0x00000007bf400000,0x00000007bfa00000)
 ParOldGen       total 92160K, used 46910K [0x0000000700000000, 0x0000000705a00000, 0x00000007bc400000)
  object space 92160K, 50% used [0x0000000700000000,0x0000000702dcfb10,0x0000000705a00000)
 Metaspace       used 67702K, capacity 68375K, committed 69120K, reserved 1110016K
  class space    used 9256K, capacity 9396K, committed 9472K, reserved 1048576K
}
Event: 1482.497 GC heap before
{Heap before GC invocations=111 (full 27):
 PSYoungGen      total 55296K, used 675K [0x00000007bc400000, 0x00000007c0000000, 0x00000007c0000000)
  eden space 49152K, 0% used [0x00000007bc400000,0x00000007bc400000,0x00000007bf400000)
  from space 6144K, 10% used [0x00000007bfa00000,0x00000007bfaa8e70,0x00000007c0000000)
  to   space 6144K, 0% used [0x00000007bf400000,0x00000007bf400000,0x00000007bfa00000)
 ParOldGen       total 92160K, used 46910K [0x0000000700000000, 0x0000000705a00000, 0x00000007bc400000)
  object space 92160K, 50% used [0x0000000700000000,0x0000000702dcfb10,0x0000000705a00000)
 Metaspace       used 67702K, capacity 68375K, committed 69120K, reserved 1110016K
  class space    used 9256K, capacity 9396K, committed 9472K, reserved 1048576K
Event: 1482.634 GC heap after
Heap after GC invocations=111 (full 27):
 PSYoungGen      total 55296K, used 0K [0x00000007bc400000, 0x00000007c0000000, 0x00000007c0000000)
  eden space 49152K, 0% used [0x00000007bc400000,0x00000007bc400000,0x00000007bf400000)
  from space 6144K, 0% used [0x00000007bfa00000,0x00000007bfa00000,0x00000007c0000000)
  to   space 6144K, 0% used [0x00000007bf400000,0x00000007bf400000,0x00000007bfa00000)
 ParOldGen       total 92160K, used 46529K [0x0000000700000000, 0x0000000705a00000, 0x00000007bc400000)
  object space 92160K, 50% used [0x0000000700000000,0x0000000702d70738,0x0000000705a00000)
 Metaspace       used 67702K, capacity 68375K, committed 69120K, reserved 1110016K
  class space    used 9256K, capacity 9396K, committed 9472K, reserved 1048576K
}
Event: 1498.646 GC heap before
{Heap before GC invocations=112 (full 27):
 PSYoungGen      total 55296K, used 49152K [0x00000007bc400000, 0x00000007c0000000, 0x00000007c0000000)
  eden space 49152K, 100% used [0x00000007bc400000,0x00000007bf400000,0x00000007bf400000)
  from space 6144K, 0% used [0x00000007bfa00000,0x00000007bfa00000,0x00000007c0000000)
  to   space 6144K, 0% used [0x00000007bf400000,0x00000007bf400000,0x00000007bfa00000)
 ParOldGen       total 92160K, used 46529K [0x0000000700000000, 0x0000000705a00000, 0x00000007bc400000)
  object space 92160K, 50% used [0x0000000700000000,0x0000000702d70738,0x0000000705a00000)
 Metaspace       used 67723K, capacity 68375K, committed 69120K, reserved 1110016K
  class space    used 9256K, capacity 9396K, committed 9472K, reserved 1048576K
Event: 1498.650 GC heap after
Heap after GC invocations=112 (full 27):
 PSYoungGen      total 55296K, used 896K [0x00000007bc400000, 0x00000007c0000000, 0x00000007c0000000)
  eden space 49152K, 0% used [0x00000007bc400000,0x00000007bc400000,0x00000007bf400000)
  from space 6144K, 14% used [0x00000007bf400000,0x00000007bf4e0000,0x00000007bfa00000)
  to   space 5632K, 0% used [0x00000007bfa80000,0x00000007bfa80000,0x00000007c0000000)
 ParOldGen       total 92160K, used 46529K [0x0000000700000000, 0x0000000705a00000, 0x00000007bc400000)
  object space 92160K, 50% used [0x0000000700000000,0x0000000702d70738,0x0000000705a00000)
 Metaspace       used 67723K, capacity 68375K, committed 69120K, reserved 1110016K
  class space    used 9256K, capacity 9396K, committed 9472K, reserved 1048576K
}

