# JRE version: Java(TM) SE Runtime Environment (8.0_112-b15) (build 1.8.0_112-b15)
# Java VM: Java HotSpot(TM) 64-Bit Server VM (25.112-b15 mixed mode windows-amd64 compressed oops)
Heap:
 PSYoungGen      total 56320K, used 3985K [0x00000007bc400000, 0x00000007c0000000, 0x00000007c0000000)
  eden space 51712K, 6% used [0x00000007bc400000,0x00000007bc70c700,0x00000007bf680000)
  from space 4608K, 18% used [0x00000007bf680000,0x00000007bf758000,0x00000007bfb00000)
  to   space 4608K, 0% used [0x00000007bfb80000,0x00000007bfb80000,0x00000007c0000000)
 ParOldGen       total 109056K, used 50667K [0x0000000700000000, 0x0000000706a80000, 0x00000007bc400000)
  object space 109056K, 46% used [0x0000000700000000,0x000000070317aee8,0x0000000706a80000)
 Metaspace       used 71853K, capacity 72581K, committed 73088K, reserved 1112064K
  class space    used 9609K, capacity 9769K, committed 9856K, reserved 1048576K
GC Heap History (10 events):
Event: 42407.582 GC heap before
{Heap before GC invocations=620 (full 211):
 PSYoungGen      total 55808K, used 256K [0x00000007bc400000, 0x00000007c0000000, 0x00000007c0000000)
  eden space 50176K, 0% used [0x00000007bc400000,0x00000007bc400000,0x00000007bf500000)
  from space 5632K, 4% used [0x00000007bf500000,0x00000007bf540000,0x00000007bfa80000)
  to   space 5632K, 0% used [0x00000007bfa80000,0x00000007bfa80000,0x00000007c0000000)
 ParOldGen       total 109056K, used 50678K [0x0000000700000000, 0x0000000706a80000, 0x00000007bc400000)
  object space 109056K, 46% used [0x0000000700000000,0x000000070317d9c8,0x0000000706a80000)
 Metaspace       used 71835K, capacity 72581K, committed 73088K, reserved 1112064K
  class space    used 9609K, capacity 9769K, committed 9856K, reserved 1048576K
Event: 42407.670 GC heap after
Heap after GC invocations=620 (full 211):
 PSYoungGen      total 55808K, used 0K [0x00000007bc400000, 0x00000007c0000000, 0x00000007c0000000)
  eden space 50176K, 0% used [0x00000007bc400000,0x00000007bc400000,0x00000007bf500000)
  from space 5632K, 0% used [0x00000007bf500000,0x00000007bf500000,0x00000007bfa80000)
  to   space 5632K, 0% used [0x00000007bfa80000,0x00000007bfa80000,0x00000007c0000000)
 ParOldGen       total 109056K, used 50667K [0x0000000700000000, 0x0000000706a80000, 0x00000007bc400000)
  object space 109056K, 46% used [0x0000000700000000,0x000000070317aee8,0x0000000706a80000)
 Metaspace       used 71835K, capacity 72581K, committed 73088K, reserved 1112064K
  class space    used 9609K, capacity 9769K, committed 9856K, reserved 1048576K
}
Event: 42443.619 GC heap before
{Heap before GC invocations=621 (full 211):
 PSYoungGen      total 55808K, used 50176K [0x00000007bc400000, 0x00000007c0000000, 0x00000007c0000000)
  eden space 50176K, 100% used [0x00000007bc400000,0x00000007bf500000,0x00000007bf500000)
  from space 5632K, 0% used [0x00000007bf500000,0x00000007bf500000,0x00000007bfa80000)
  to   space 5632K, 0% used [0x00000007bfa80000,0x00000007bfa80000,0x00000007c0000000)
 ParOldGen       total 109056K, used 50667K [0x0000000700000000, 0x0000000706a80000, 0x00000007bc400000)
  object space 109056K, 46% used [0x0000000700000000,0x000000070317aee8,0x0000000706a80000)
 Metaspace       used 71838K, capacity 72581K, committed 73088K, reserved 1112064K
  class space    used 9609K, capacity 9769K, committed 9856K, reserved 1048576K
Event: 42443.622 GC heap after
Heap after GC invocations=621 (full 211):
 PSYoungGen      total 56320K, used 832K [0x00000007bc400000, 0x00000007c0000000, 0x00000007c0000000)
  eden space 50688K, 0% used [0x00000007bc400000,0x00000007bc400000,0x00000007bf580000)
  from space 5632K, 14% used [0x00000007bfa80000,0x00000007bfb50000,0x00000007c0000000)
  to   space 5120K, 0% used [0x00000007bf580000,0x00000007bf580000,0x00000007bfa80000)
 ParOldGen       total 109056K, used 50667K [0x0000000700000000, 0x0000000706a80000, 0x00000007bc400000)
  object space 109056K, 46% used [0x0000000700000000,0x000000070317aee8,0x0000000706a80000)
 Metaspace       used 71838K, capacity 72581K, committed 73088K, reserved 1112064K
  class space    used 9609K, capacity 9769K, committed 9856K, reserved 1048576K
}
Event: 42449.002 GC heap before
{Heap before GC invocations=622 (full 211):
 PSYoungGen      total 56320K, used 51520K [0x00000007bc400000, 0x00000007c0000000, 0x00000007c0000000)
  eden space 50688K, 100% used [0x00000007bc400000,0x00000007bf580000,0x00000007bf580000)
  from space 5632K, 14% used [0x00000007bfa80000,0x00000007bfb50000,0x00000007c0000000)
  to   space 5120K, 0% used [0x00000007bf580000,0x00000007bf580000,0x00000007bfa80000)
 ParOldGen       total 109056K, used 50667K [0x0000000700000000, 0x0000000706a80000, 0x00000007bc400000)
  object space 109056K, 46% used [0x0000000700000000,0x000000070317aee8,0x0000000706a80000)
 Metaspace       used 71851K, capacity 72581K, committed 73088K, reserved 1112064K
  class space    used 9609K, capacity 9769K, committed 9856K, reserved 1048576K
Event: 42449.007 GC heap after
Heap after GC invocations=622 (full 211):
 PSYoungGen      total 55808K, used 960K [0x00000007bc400000, 0x00000007c0000000, 0x00000007c0000000)
  eden space 50688K, 0% used [0x00000007bc400000,0x00000007bc400000,0x00000007bf580000)
  from space 5120K, 18% used [0x00000007bf580000,0x00000007bf670000,0x00000007bfa80000)
  to   space 5120K, 0% used [0x00000007bfb00000,0x00000007bfb00000,0x00000007c0000000)
 ParOldGen       total 109056K, used 50667K [0x0000000700000000, 0x0000000706a80000, 0x00000007bc400000)
  object space 109056K, 46% used [0x0000000700000000,0x000000070317aee8,0x0000000706a80000)
 Metaspace       used 71851K, capacity 72581K, committed 73088K, reserved 1112064K
  class space    used 9609K, capacity 9769K, committed 9856K, reserved 1048576K
}
Event: 42453.520 GC heap before
{Heap before GC invocations=623 (full 211):
 PSYoungGen      total 55808K, used 51648K [0x00000007bc400000, 0x00000007c0000000, 0x00000007c0000000)
  eden space 50688K, 100% used [0x00000007bc400000,0x00000007bf580000,0x00000007bf580000)
  from space 5120K, 18% used [0x00000007bf580000,0x00000007bf670000,0x00000007bfa80000)
  to   space 5120K, 0% used [0x00000007bfb00000,0x00000007bfb00000,0x00000007c0000000)
 ParOldGen       total 109056K, used 50667K [0x0000000700000000, 0x0000000706a80000, 0x00000007bc400000)
  object space 109056K, 46% used [0x0000000700000000,0x000000070317aee8,0x0000000706a80000)
 Metaspace       used 71851K, capacity 72581K, committed 73088K, reserved 1112064K
  class space    used 9609K, capacity 9769K, committed 9856K, reserved 1048576K
Event: 42453.523 GC heap after
Heap after GC invocations=623 (full 211):
 PSYoungGen      total 56832K, used 1024K [0x00000007bc400000, 0x00000007c0000000, 0x00000007c0000000)
  eden space 51712K, 0% used [0x00000007bc400000,0x00000007bc400000,0x00000007bf680000)
  from space 5120K, 20% used [0x00000007bfb00000,0x00000007bfc00000,0x00000007c0000000)
  to   space 4608K, 0% used [0x00000007bf680000,0x00000007bf680000,0x00000007bfb00000)
 ParOldGen       total 109056K, used 50667K [0x0000000700000000, 0x0000000706a80000, 0x00000007bc400000)
  object space 109056K, 46% used [0x0000000700000000,0x000000070317aee8,0x0000000706a80000)
 Metaspace       used 71851K, capacity 72581K, committed 73088K, reserved 1112064K
  class space    used 9609K, capacity 9769K, committed 9856K, reserved 1048576K
}
Event: 42455.462 GC heap before
{Heap before GC invocations=624 (full 211):
 PSYoungGen      total 56832K, used 29004K [0x00000007bc400000, 0x00000007c0000000, 0x00000007c0000000)
  eden space 51712K, 54% used [0x00000007bc400000,0x00000007bdf53268,0x00000007bf680000)
  from space 5120K, 20% used [0x00000007bfb00000,0x00000007bfc00000,0x00000007c0000000)
  to   space 4608K, 0% used [0x00000007bf680000,0x00000007bf680000,0x00000007bfb00000)
 ParOldGen       total 109056K, used 50667K [0x0000000700000000, 0x0000000706a80000, 0x00000007bc400000)
  object space 109056K, 46% used [0x0000000700000000,0x000000070317aee8,0x0000000706a80000)
 Metaspace       used 71853K, capacity 72581K, committed 73088K, reserved 1112064K
  class space    used 9609K, capacity 9769K, committed 9856K, reserved 1048576K
Event: 42455.466 GC heap after
Heap after GC invocations=624 (full 211):
 PSYoungGen      total 56320K, used 864K [0x00000007bc400000, 0x00000007c0000000, 0x00000007c0000000)
  eden space 51712K, 0% used [0x00000007bc400000,0x00000007bc400000,0x00000007bf680000)
  from space 4608K, 18% used [0x00000007bf680000,0x00000007bf758000,0x00000007bfb00000)
  to   space 4608K, 0% used [0x00000007bfb80000,0x00000007bfb80000,0x00000007c0000000)
 ParOldGen       total 109056K, used 50667K [0x0000000700000000, 0x0000000706a80000, 0x00000007bc400000)
  object space 109056K, 46% used [0x0000000700000000,0x000000070317aee8,0x0000000706a80000)
 Metaspace       used 71853K, capacity 72581K, committed 73088K, reserved 1112064K
  class space    used 9609K, capacity 9769K, committed 9856K, reserved 1048576K
}

