# JRE version: Java(TM) SE Runtime Environment (8.0_112-b15) (build 1.8.0_112-b15)
# Java VM: Java HotSpot(TM) 64-Bit Server VM (25.112-b15 mixed mode windows-amd64 compressed oops)
Heap:
 PSYoungGen      total 49664K, used 31510K [0x00000007bc400000, 0x00000007c0000000, 0x00000007c0000000)
  eden space 37376K, 82% used [0x00000007bc400000,0x00000007be218200,0x00000007be880000)
  from space 12288K, 5% used [0x00000007bf400000,0x00000007bf4ad9c0,0x00000007c0000000)
  to   space 11776K, 0% used [0x00000007be880000,0x00000007be880000,0x00000007bf400000)
 ParOldGen       total 103424K, used 48862K [0x0000000700000000, 0x0000000706500000, 0x00000007bc400000)
  object space 103424K, 47% used [0x0000000700000000,0x0000000702fb78a8,0x0000000706500000)
 Metaspace       used 67081K, capacity 67731K, committed 68480K, reserved 1107968K
  class space    used 9415K, capacity 9534K, committed 9600K, reserved 1048576K
GC Heap History (10 events):
Event: 76.213 GC heap before
{Heap before GC invocations=45 (full 4):
 PSYoungGen      total 48128K, used 35568K [0x00000007bc400000, 0x00000007c0000000, 0x00000007c0000000)
  eden space 34304K, 100% used [0x00000007bc400000,0x00000007be580000,0x00000007be580000)
  from space 13824K, 9% used [0x00000007bf280000,0x00000007bf3bc010,0x00000007c0000000)
  to   space 13312K, 0% used [0x00000007be580000,0x00000007be580000,0x00000007bf280000)
 ParOldGen       total 103424K, used 48679K [0x0000000700000000, 0x0000000706500000, 0x00000007bc400000)
  object space 103424K, 47% used [0x0000000700000000,0x0000000702f89ef8,0x0000000706500000)
 Metaspace       used 66818K, capacity 67447K, committed 68224K, reserved 1107968K
  class space    used 9401K, capacity 9530K, committed 9600K, reserved 1048576K
Event: 76.219 GC heap after
Heap after GC invocations=45 (full 4):
 PSYoungGen      total 47616K, used 1473K [0x00000007bc400000, 0x00000007c0000000, 0x00000007c0000000)
  eden space 34304K, 0% used [0x00000007bc400000,0x00000007bc400000,0x00000007be580000)
  from space 13312K, 11% used [0x00000007be580000,0x00000007be6f04b8,0x00000007bf280000)
  to   space 13312K, 0% used [0x00000007bf300000,0x00000007bf300000,0x00000007c0000000)
 ParOldGen       total 103424K, used 48687K [0x0000000700000000, 0x0000000706500000, 0x00000007bc400000)
  object space 103424K, 47% used [0x0000000700000000,0x0000000702f8bef8,0x0000000706500000)
 Metaspace       used 66818K, capacity 67447K, committed 68224K, reserved 1107968K
  class space    used 9401K, capacity 9530K, committed 9600K, reserved 1048576K
}
Event: 77.142 GC heap before
{Heap before GC invocations=46 (full 4):
 PSYoungGen      total 47616K, used 35777K [0x00000007bc400000, 0x00000007c0000000, 0x00000007c0000000)
  eden space 34304K, 100% used [0x00000007bc400000,0x00000007be580000,0x00000007be580000)
  from space 13312K, 11% used [0x00000007be580000,0x00000007be6f04b8,0x00000007bf280000)
  to   space 13312K, 0% used [0x00000007bf300000,0x00000007bf300000,0x00000007c0000000)
 ParOldGen       total 103424K, used 48687K [0x0000000700000000, 0x0000000706500000, 0x00000007bc400000)
  object space 103424K, 47% used [0x0000000700000000,0x0000000702f8bef8,0x0000000706500000)
 Metaspace       used 66865K, capacity 67511K, committed 68224K, reserved 1107968K
  class space    used 9401K, capacity 9530K, committed 9600K, reserved 1048576K
Event: 77.146 GC heap after
Heap after GC invocations=46 (full 4):
 PSYoungGen      total 48640K, used 2378K [0x00000007bc400000, 0x00000007c0000000, 0x00000007c0000000)
  eden space 35328K, 0% used [0x00000007bc400000,0x00000007bc400000,0x00000007be680000)
  from space 13312K, 17% used [0x00000007bf300000,0x00000007bf552978,0x00000007c0000000)
  to   space 12800K, 0% used [0x00000007be680000,0x00000007be680000,0x00000007bf300000)
 ParOldGen       total 103424K, used 48687K [0x0000000700000000, 0x0000000706500000, 0x00000007bc400000)
  object space 103424K, 47% used [0x0000000700000000,0x0000000702f8bef8,0x0000000706500000)
 Metaspace       used 66865K, capacity 67511K, committed 68224K, reserved 1107968K
  class space    used 9401K, capacity 9530K, committed 9600K, reserved 1048576K
}
Event: 77.213 GC heap before
{Heap before GC invocations=47 (full 4):
 PSYoungGen      total 48640K, used 6873K [0x00000007bc400000, 0x00000007c0000000, 0x00000007c0000000)
  eden space 35328K, 12% used [0x00000007bc400000,0x00000007bc863c90,0x00000007be680000)
  from space 13312K, 17% used [0x00000007bf300000,0x00000007bf552978,0x00000007c0000000)
  to   space 12800K, 0% used [0x00000007be680000,0x00000007be680000,0x00000007bf300000)
 ParOldGen       total 103424K, used 48687K [0x0000000700000000, 0x0000000706500000, 0x00000007bc400000)
  object space 103424K, 47% used [0x0000000700000000,0x0000000702f8bef8,0x0000000706500000)
 Metaspace       used 66890K, capacity 67511K, committed 68224K, reserved 1107968K
  class space    used 9401K, capacity 9530K, committed 9600K, reserved 1048576K
Event: 77.217 GC heap after
Heap after GC invocations=47 (full 4):
 PSYoungGen      total 48128K, used 2090K [0x00000007bc400000, 0x00000007c0000000, 0x00000007c0000000)
  eden space 35328K, 0% used [0x00000007bc400000,0x00000007bc400000,0x00000007be680000)
  from space 12800K, 16% used [0x00000007be680000,0x00000007be88a978,0x00000007bf300000)
  to   space 12288K, 0% used [0x00000007bf400000,0x00000007bf400000,0x00000007c0000000)
 ParOldGen       total 103424K, used 48687K [0x0000000700000000, 0x0000000706500000, 0x00000007bc400000)
  object space 103424K, 47% used [0x0000000700000000,0x0000000702f8bef8,0x0000000706500000)
 Metaspace       used 66890K, capacity 67511K, committed 68224K, reserved 1107968K
  class space    used 9401K, capacity 9530K, committed 9600K, reserved 1048576K
}
Event: 77.217 GC heap before
{Heap before GC invocations=48 (full 5):
 PSYoungGen      total 48128K, used 2090K [0x00000007bc400000, 0x00000007c0000000, 0x00000007c0000000)
  eden space 35328K, 0% used [0x00000007bc400000,0x00000007bc400000,0x00000007be680000)
  from space 12800K, 16% used [0x00000007be680000,0x00000007be88a978,0x00000007bf300000)
  to   space 12288K, 0% used [0x00000007bf400000,0x00000007bf400000,0x00000007c0000000)
 ParOldGen       total 103424K, used 48687K [0x0000000700000000, 0x0000000706500000, 0x00000007bc400000)
  object space 103424K, 47% used [0x0000000700000000,0x0000000702f8bef8,0x0000000706500000)
 Metaspace       used 66890K, capacity 67511K, committed 68224K, reserved 1107968K
  class space    used 9401K, capacity 9530K, committed 9600K, reserved 1048576K
Event: 77.423 GC heap after
Heap after GC invocations=48 (full 5):
 PSYoungGen      total 48128K, used 0K [0x00000007bc400000, 0x00000007c0000000, 0x00000007c0000000)
  eden space 35328K, 0% used [0x00000007bc400000,0x00000007bc400000,0x00000007be680000)
  from space 12800K, 0% used [0x00000007be680000,0x00000007be680000,0x00000007bf300000)
  to   space 12288K, 0% used [0x00000007bf400000,0x00000007bf400000,0x00000007c0000000)
 ParOldGen       total 103424K, used 48854K [0x0000000700000000, 0x0000000706500000, 0x00000007bc400000)
  object space 103424K, 47% used [0x0000000700000000,0x0000000702fb58a8,0x0000000706500000)
 Metaspace       used 66890K, capacity 67511K, committed 68224K, reserved 1107968K
  class space    used 9401K, capacity 9530K, committed 9600K, reserved 1048576K
}
Event: 81.059 GC heap before
{Heap before GC invocations=49 (full 5):
 PSYoungGen      total 48128K, used 35328K [0x00000007bc400000, 0x00000007c0000000, 0x00000007c0000000)
  eden space 35328K, 100% used [0x00000007bc400000,0x00000007be680000,0x00000007be680000)
  from space 12800K, 0% used [0x00000007be680000,0x00000007be680000,0x00000007bf300000)
  to   space 12288K, 0% used [0x00000007bf400000,0x00000007bf400000,0x00000007c0000000)
 ParOldGen       total 103424K, used 48854K [0x0000000700000000, 0x0000000706500000, 0x00000007bc400000)
  object space 103424K, 47% used [0x0000000700000000,0x0000000702fb58a8,0x0000000706500000)
 Metaspace       used 67010K, capacity 67645K, committed 68224K, reserved 1107968K
  class space    used 9410K, capacity 9531K, committed 9600K, reserved 1048576K
Event: 81.062 GC heap after
Heap after GC invocations=49 (full 5):
 PSYoungGen      total 49664K, used 694K [0x00000007bc400000, 0x00000007c0000000, 0x00000007c0000000)
  eden space 37376K, 0% used [0x00000007bc400000,0x00000007bc400000,0x00000007be880000)
  from space 12288K, 5% used [0x00000007bf400000,0x00000007bf4ad9c0,0x00000007c0000000)
  to   space 11776K, 0% used [0x00000007be880000,0x00000007be880000,0x00000007bf400000)
 ParOldGen       total 103424K, used 48862K [0x0000000700000000, 0x0000000706500000, 0x00000007bc400000)
  object space 103424K, 47% used [0x0000000700000000,0x0000000702fb78a8,0x0000000706500000)
 Metaspace       used 67010K, capacity 67645K, committed 68224K, reserved 1107968K
  class space    used 9410K, capacity 9531K, committed 9600K, reserved 1048576K
}

