# JRE version: Java(TM) SE Runtime Environment (8.0_112-b15) (build 1.8.0_112-b15)
# Java VM: Java HotSpot(TM) 64-Bit Server VM (25.112-b15 mixed mode windows-amd64 compressed oops)
Heap:
 PSYoungGen      total 54272K, used 49074K [0x00000007bc400000, 0x00000007c0000000, 0x00000007c0000000)
  eden space 46592K, 98% used [0x00000007bc400000,0x00000007bf0f0a40,0x00000007bf180000)
  from space 7680K, 39% used [0x00000007bf880000,0x00000007bfb7bde8,0x00000007c0000000)
  to   space 7168K, 0% used [0x00000007bf180000,0x00000007bf180000,0x00000007bf880000)
 ParOldGen       total 151040K, used 50840K [0x0000000700000000, 0x0000000709380000, 0x00000007bc400000)
  object space 151040K, 33% used [0x0000000700000000,0x00000007031a6168,0x0000000709380000)
 Metaspace       used 71259K, capacity 71981K, committed 72704K, reserved 1112064K
  class space    used 9537K, capacity 9709K, committed 9728K, reserved 1048576K
GC Heap History (10 events):
Event: 2380.301 GC heap before
{Heap before GC invocations=410 (full 80):
 PSYoungGen      total 54784K, used 54542K [0x00000007bc400000, 0x00000007c0000000, 0x00000007c0000000)
  eden space 48640K, 100% used [0x00000007bc400000,0x00000007bf380000,0x00000007bf380000)
  from space 6144K, 96% used [0x00000007bf380000,0x00000007bf9439b8,0x00000007bf980000)
  to   space 6656K, 0% used [0x00000007bf980000,0x00000007bf980000,0x00000007c0000000)
 ParOldGen       total 151040K, used 50840K [0x0000000700000000, 0x0000000709380000, 0x00000007bc400000)
  object space 151040K, 33% used [0x0000000700000000,0x00000007031a6168,0x0000000709380000)
 Metaspace       used 71252K, capacity 71981K, committed 72704K, reserved 1112064K
  class space    used 9537K, capacity 9709K, committed 9728K, reserved 1048576K
Event: 2380.305 GC heap after
Heap after GC invocations=410 (full 80):
 PSYoungGen      total 50688K, used 6318K [0x00000007bc400000, 0x00000007c0000000, 0x00000007c0000000)
  eden space 44032K, 0% used [0x00000007bc400000,0x00000007bc400000,0x00000007bef00000)
  from space 6656K, 94% used [0x00000007bf980000,0x00000007bffab9b8,0x00000007c0000000)
  to   space 8704K, 0% used [0x00000007bef00000,0x00000007bef00000,0x00000007bf780000)
 ParOldGen       total 151040K, used 50840K [0x0000000700000000, 0x0000000709380000, 0x00000007bc400000)
  object space 151040K, 33% used [0x0000000700000000,0x00000007031a6168,0x0000000709380000)
 Metaspace       used 71252K, capacity 71981K, committed 72704K, reserved 1112064K
  class space    used 9537K, capacity 9709K, committed 9728K, reserved 1048576K
}
Event: 2386.315 GC heap before
{Heap before GC invocations=411 (full 80):
 PSYoungGen      total 50688K, used 50350K [0x00000007bc400000, 0x00000007c0000000, 0x00000007c0000000)
  eden space 44032K, 100% used [0x00000007bc400000,0x00000007bef00000,0x00000007bef00000)
  from space 6656K, 94% used [0x00000007bf980000,0x00000007bffab9b8,0x00000007c0000000)
  to   space 8704K, 0% used [0x00000007bef00000,0x00000007bef00000,0x00000007bf780000)
 ParOldGen       total 151040K, used 50840K [0x0000000700000000, 0x0000000709380000, 0x00000007bc400000)
  object space 151040K, 33% used [0x0000000700000000,0x00000007031a6168,0x0000000709380000)
 Metaspace       used 71255K, capacity 71981K, committed 72704K, reserved 1112064K
  class space    used 9537K, capacity 9709K, committed 9728K, reserved 1048576K
Event: 2386.319 GC heap after
Heap after GC invocations=411 (full 80):
 PSYoungGen      total 52736K, used 2895K [0x00000007bc400000, 0x00000007c0000000, 0x00000007c0000000)
  eden space 44032K, 0% used [0x00000007bc400000,0x00000007bc400000,0x00000007bef00000)
  from space 8704K, 33% used [0x00000007bef00000,0x00000007bf1d3de8,0x00000007bf780000)
  to   space 8192K, 0% used [0x00000007bf800000,0x00000007bf800000,0x00000007c0000000)
 ParOldGen       total 151040K, used 50840K [0x0000000700000000, 0x0000000709380000, 0x00000007bc400000)
  object space 151040K, 33% used [0x0000000700000000,0x00000007031a6168,0x0000000709380000)
 Metaspace       used 71255K, capacity 71981K, committed 72704K, reserved 1112064K
  class space    used 9537K, capacity 9709K, committed 9728K, reserved 1048576K
}
Event: 2388.376 GC heap before
{Heap before GC invocations=412 (full 80):
 PSYoungGen      total 52736K, used 46927K [0x00000007bc400000, 0x00000007c0000000, 0x00000007c0000000)
  eden space 44032K, 100% used [0x00000007bc400000,0x00000007bef00000,0x00000007bef00000)
  from space 8704K, 33% used [0x00000007bef00000,0x00000007bf1d3de8,0x00000007bf780000)
  to   space 8192K, 0% used [0x00000007bf800000,0x00000007bf800000,0x00000007c0000000)
 ParOldGen       total 151040K, used 50840K [0x0000000700000000, 0x0000000709380000, 0x00000007bc400000)
  object space 151040K, 33% used [0x0000000700000000,0x00000007031a6168,0x0000000709380000)
 Metaspace       used 71255K, capacity 71981K, committed 72704K, reserved 1112064K
  class space    used 9537K, capacity 9709K, committed 9728K, reserved 1048576K
Event: 2388.380 GC heap after
Heap after GC invocations=412 (full 80):
 PSYoungGen      total 53760K, used 2831K [0x00000007bc400000, 0x00000007c0000000, 0x00000007c0000000)
  eden space 45568K, 0% used [0x00000007bc400000,0x00000007bc400000,0x00000007bf080000)
  from space 8192K, 34% used [0x00000007bf800000,0x00000007bfac3de8,0x00000007c0000000)
  to   space 7680K, 0% used [0x00000007bf080000,0x00000007bf080000,0x00000007bf800000)
 ParOldGen       total 151040K, used 50840K [0x0000000700000000, 0x0000000709380000, 0x00000007bc400000)
  object space 151040K, 33% used [0x0000000700000000,0x00000007031a6168,0x0000000709380000)
 Metaspace       used 71255K, capacity 71981K, committed 72704K, reserved 1112064K
  class space    used 9537K, capacity 9709K, committed 9728K, reserved 1048576K
}
Event: 2393.481 GC heap before
{Heap before GC invocations=413 (full 80):
 PSYoungGen      total 53760K, used 48399K [0x00000007bc400000, 0x00000007c0000000, 0x00000007c0000000)
  eden space 45568K, 100% used [0x00000007bc400000,0x00000007bf080000,0x00000007bf080000)
  from space 8192K, 34% used [0x00000007bf800000,0x00000007bfac3de8,0x00000007c0000000)
  to   space 7680K, 0% used [0x00000007bf080000,0x00000007bf080000,0x00000007bf800000)
 ParOldGen       total 151040K, used 50840K [0x0000000700000000, 0x0000000709380000, 0x00000007bc400000)
  object space 151040K, 33% used [0x0000000700000000,0x00000007031a6168,0x0000000709380000)
 Metaspace       used 71256K, capacity 71981K, committed 72704K, reserved 1112064K
  class space    used 9537K, capacity 9709K, committed 9728K, reserved 1048576K
Event: 2393.485 GC heap after
Heap after GC invocations=413 (full 80):
 PSYoungGen      total 53248K, used 3183K [0x00000007bc400000, 0x00000007c0000000, 0x00000007c0000000)
  eden space 45568K, 0% used [0x00000007bc400000,0x00000007bc400000,0x00000007bf080000)
  from space 7680K, 41% used [0x00000007bf080000,0x00000007bf39bde8,0x00000007bf800000)
  to   space 7680K, 0% used [0x00000007bf880000,0x00000007bf880000,0x00000007c0000000)
 ParOldGen       total 151040K, used 50840K [0x0000000700000000, 0x0000000709380000, 0x00000007bc400000)
  object space 151040K, 33% used [0x0000000700000000,0x00000007031a6168,0x0000000709380000)
 Metaspace       used 71256K, capacity 71981K, committed 72704K, reserved 1112064K
  class space    used 9537K, capacity 9709K, committed 9728K, reserved 1048576K
}
Event: 2394.410 GC heap before
{Heap before GC invocations=414 (full 80):
 PSYoungGen      total 53248K, used 48751K [0x00000007bc400000, 0x00000007c0000000, 0x00000007c0000000)
  eden space 45568K, 100% used [0x00000007bc400000,0x00000007bf080000,0x00000007bf080000)
  from space 7680K, 41% used [0x00000007bf080000,0x00000007bf39bde8,0x00000007bf800000)
  to   space 7680K, 0% used [0x00000007bf880000,0x00000007bf880000,0x00000007c0000000)
 ParOldGen       total 151040K, used 50840K [0x0000000700000000, 0x0000000709380000, 0x00000007bc400000)
  object space 151040K, 33% used [0x0000000700000000,0x00000007031a6168,0x0000000709380000)
 Metaspace       used 71259K, capacity 71981K, committed 72704K, reserved 1112064K
  class space    used 9537K, capacity 9709K, committed 9728K, reserved 1048576K
Event: 2394.414 GC heap after
Heap after GC invocations=414 (full 80):
 PSYoungGen      total 54272K, used 3055K [0x00000007bc400000, 0x00000007c0000000, 0x00000007c0000000)
  eden space 46592K, 0% used [0x00000007bc400000,0x00000007bc400000,0x00000007bf180000)
  from space 7680K, 39% used [0x00000007bf880000,0x00000007bfb7bde8,0x00000007c0000000)
  to   space 7168K, 0% used [0x00000007bf180000,0x00000007bf180000,0x00000007bf880000)
 ParOldGen       total 151040K, used 50840K [0x0000000700000000, 0x0000000709380000, 0x00000007bc400000)
  object space 151040K, 33% used [0x0000000700000000,0x00000007031a6168,0x0000000709380000)
 Metaspace       used 71259K, capacity 71981K, committed 72704K, reserved 1112064K
  class space    used 9537K, capacity 9709K, committed 9728K, reserved 1048576K
}

