# JRE version: Java(TM) SE Runtime Environment (8.0_112-b15) (build 1.8.0_112-b15)
# Java VM: Java HotSpot(TM) 64-Bit Server VM (25.112-b15 mixed mode windows-amd64 compressed oops)
Heap:
 PSYoungGen      total 58880K, used 39434K [0x00000007bc400000, 0x00000007c0000000, 0x00000007c0000000)
  eden space 56320K, 68% used [0x00000007bc400000,0x00000007be97aaf8,0x00000007bfb00000)
  from space 2560K, 41% used [0x00000007bfb00000,0x00000007bfc08000,0x00000007bfd80000)
  to   space 2560K, 0% used [0x00000007bfd80000,0x00000007bfd80000,0x00000007c0000000)
 ParOldGen       total 105984K, used 54963K [0x0000000700000000, 0x0000000706780000, 0x00000007bc400000)
  object space 105984K, 51% used [0x0000000700000000,0x00000007035accf0,0x0000000706780000)
 Metaspace       used 71021K, capacity 71757K, committed 72576K, reserved 1112064K
  class space    used 9630K, capacity 9779K, committed 9856K, reserved 1048576K
GC Heap History (10 events):
Event: 1225.928 GC heap before
{Heap before GC invocations=351 (full 104):
 PSYoungGen      total 58880K, used 57184K [0x00000007bc400000, 0x00000007c0000000, 0x00000007c0000000)
  eden space 56320K, 100% used [0x00000007bc400000,0x00000007bfb00000,0x00000007bfb00000)
  from space 2560K, 33% used [0x00000007bfd80000,0x00000007bfe58000,0x00000007c0000000)
  to   space 2560K, 0% used [0x00000007bfb00000,0x00000007bfb00000,0x00000007bfd80000)
 ParOldGen       total 105984K, used 54723K [0x0000000700000000, 0x0000000706780000, 0x00000007bc400000)
  object space 105984K, 51% used [0x0000000700000000,0x0000000703570cf0,0x0000000706780000)
 Metaspace       used 70913K, capacity 71629K, committed 72320K, reserved 1112064K
  class space    used 9630K, capacity 9779K, committed 9856K, reserved 1048576K
Event: 1225.932 GC heap after
Heap after GC invocations=351 (full 104):
 PSYoungGen      total 58880K, used 960K [0x00000007bc400000, 0x00000007c0000000, 0x00000007c0000000)
  eden space 56320K, 0% used [0x00000007bc400000,0x00000007bc400000,0x00000007bfb00000)
  from space 2560K, 37% used [0x00000007bfb00000,0x00000007bfbf0000,0x00000007bfd80000)
  to   space 2560K, 0% used [0x00000007bfd80000,0x00000007bfd80000,0x00000007c0000000)
 ParOldGen       total 105984K, used 54963K [0x0000000700000000, 0x0000000706780000, 0x00000007bc400000)
  object space 105984K, 51% used [0x0000000700000000,0x00000007035accf0,0x0000000706780000)
 Metaspace       used 70913K, capacity 71629K, committed 72320K, reserved 1112064K
  class space    used 9630K, capacity 9779K, committed 9856K, reserved 1048576K
}
Event: 1228.400 GC heap before
{Heap before GC invocations=352 (full 104):
 PSYoungGen      total 58880K, used 57280K [0x00000007bc400000, 0x00000007c0000000, 0x00000007c0000000)
  eden space 56320K, 100% used [0x00000007bc400000,0x00000007bfb00000,0x00000007bfb00000)
  from space 2560K, 37% used [0x00000007bfb00000,0x00000007bfbf0000,0x00000007bfd80000)
  to   space 2560K, 0% used [0x00000007bfd80000,0x00000007bfd80000,0x00000007c0000000)
 ParOldGen       total 105984K, used 54963K [0x0000000700000000, 0x0000000706780000, 0x00000007bc400000)
  object space 105984K, 51% used [0x0000000700000000,0x00000007035accf0,0x0000000706780000)
 Metaspace       used 70920K, capacity 71629K, committed 72320K, reserved 1112064K
  class space    used 9630K, capacity 9779K, committed 9856K, reserved 1048576K
Event: 1228.404 GC heap after
Heap after GC invocations=352 (full 104):
 PSYoungGen      total 58880K, used 1024K [0x00000007bc400000, 0x00000007c0000000, 0x00000007c0000000)
  eden space 56320K, 0% used [0x00000007bc400000,0x00000007bc400000,0x00000007bfb00000)
  from space 2560K, 40% used [0x00000007bfd80000,0x00000007bfe80000,0x00000007c0000000)
  to   space 2560K, 0% used [0x00000007bfb00000,0x00000007bfb00000,0x00000007bfd80000)
 ParOldGen       total 105984K, used 54963K [0x0000000700000000, 0x0000000706780000, 0x00000007bc400000)
  object space 105984K, 51% used [0x0000000700000000,0x00000007035accf0,0x0000000706780000)
 Metaspace       used 70920K, capacity 71629K, committed 72320K, reserved 1112064K
  class space    used 9630K, capacity 9779K, committed 9856K, reserved 1048576K
}
Event: 1231.848 GC heap before
{Heap before GC invocations=353 (full 104):
 PSYoungGen      total 58880K, used 57344K [0x00000007bc400000, 0x00000007c0000000, 0x00000007c0000000)
  eden space 56320K, 100% used [0x00000007bc400000,0x00000007bfb00000,0x00000007bfb00000)
  from space 2560K, 40% used [0x00000007bfd80000,0x00000007bfe80000,0x00000007c0000000)
  to   space 2560K, 0% used [0x00000007bfb00000,0x00000007bfb00000,0x00000007bfd80000)
 ParOldGen       total 105984K, used 54963K [0x0000000700000000, 0x0000000706780000, 0x00000007bc400000)
  object space 105984K, 51% used [0x0000000700000000,0x00000007035accf0,0x0000000706780000)
 Metaspace       used 70933K, capacity 71629K, committed 72320K, reserved 1112064K
  class space    used 9630K, capacity 9779K, committed 9856K, reserved 1048576K
Event: 1231.852 GC heap after
Heap after GC invocations=353 (full 104):
 PSYoungGen      total 58880K, used 1216K [0x00000007bc400000, 0x00000007c0000000, 0x00000007c0000000)
  eden space 56320K, 0% used [0x00000007bc400000,0x00000007bc400000,0x00000007bfb00000)
  from space 2560K, 47% used [0x00000007bfb00000,0x00000007bfc30000,0x00000007bfd80000)
  to   space 2560K, 0% used [0x00000007bfd80000,0x00000007bfd80000,0x00000007c0000000)
 ParOldGen       total 105984K, used 54963K [0x0000000700000000, 0x0000000706780000, 0x00000007bc400000)
  object space 105984K, 51% used [0x0000000700000000,0x00000007035accf0,0x0000000706780000)
 Metaspace       used 70933K, capacity 71629K, committed 72320K, reserved 1112064K
  class space    used 9630K, capacity 9779K, committed 9856K, reserved 1048576K
}
Event: 1236.231 GC heap before
{Heap before GC invocations=354 (full 104):
 PSYoungGen      total 58880K, used 57536K [0x00000007bc400000, 0x00000007c0000000, 0x00000007c0000000)
  eden space 56320K, 100% used [0x00000007bc400000,0x00000007bfb00000,0x00000007bfb00000)
  from space 2560K, 47% used [0x00000007bfb00000,0x00000007bfc30000,0x00000007bfd80000)
  to   space 2560K, 0% used [0x00000007bfd80000,0x00000007bfd80000,0x00000007c0000000)
 ParOldGen       total 105984K, used 54963K [0x0000000700000000, 0x0000000706780000, 0x00000007bc400000)
  object space 105984K, 51% used [0x0000000700000000,0x00000007035accf0,0x0000000706780000)
 Metaspace       used 70950K, capacity 71629K, committed 72320K, reserved 1112064K
  class space    used 9630K, capacity 9779K, committed 9856K, reserved 1048576K
Event: 1236.240 GC heap after
Heap after GC invocations=354 (full 104):
 PSYoungGen      total 58880K, used 1088K [0x00000007bc400000, 0x00000007c0000000, 0x00000007c0000000)
  eden space 56320K, 0% used [0x00000007bc400000,0x00000007bc400000,0x00000007bfb00000)
  from space 2560K, 42% used [0x00000007bfd80000,0x00000007bfe90000,0x00000007c0000000)
  to   space 2560K, 0% used [0x00000007bfb00000,0x00000007bfb00000,0x00000007bfd80000)
 ParOldGen       total 105984K, used 54963K [0x0000000700000000, 0x0000000706780000, 0x00000007bc400000)
  object space 105984K, 51% used [0x0000000700000000,0x00000007035accf0,0x0000000706780000)
 Metaspace       used 70950K, capacity 71629K, committed 72320K, reserved 1112064K
  class space    used 9630K, capacity 9779K, committed 9856K, reserved 1048576K
}
Event: 1238.418 GC heap before
{Heap before GC invocations=355 (full 104):
 PSYoungGen      total 58880K, used 57408K [0x00000007bc400000, 0x00000007c0000000, 0x00000007c0000000)
  eden space 56320K, 100% used [0x00000007bc400000,0x00000007bfb00000,0x00000007bfb00000)
  from space 2560K, 42% used [0x00000007bfd80000,0x00000007bfe90000,0x00000007c0000000)
  to   space 2560K, 0% used [0x00000007bfb00000,0x00000007bfb00000,0x00000007bfd80000)
 ParOldGen       total 105984K, used 54963K [0x0000000700000000, 0x0000000706780000, 0x00000007bc400000)
  object space 105984K, 51% used [0x0000000700000000,0x00000007035accf0,0x0000000706780000)
 Metaspace       used 70967K, capacity 71693K, committed 72320K, reserved 1112064K
  class space    used 9630K, capacity 9779K, committed 9856K, reserved 1048576K
Event: 1238.423 GC heap after
Heap after GC invocations=355 (full 104):
 PSYoungGen      total 58880K, used 1056K [0x00000007bc400000, 0x00000007c0000000, 0x00000007c0000000)
  eden space 56320K, 0% used [0x00000007bc400000,0x00000007bc400000,0x00000007bfb00000)
  from space 2560K, 41% used [0x00000007bfb00000,0x00000007bfc08000,0x00000007bfd80000)
  to   space 2560K, 0% used [0x00000007bfd80000,0x00000007bfd80000,0x00000007c0000000)
 ParOldGen       total 105984K, used 54963K [0x0000000700000000, 0x0000000706780000, 0x00000007bc400000)
  object space 105984K, 51% used [0x0000000700000000,0x00000007035accf0,0x0000000706780000)
 Metaspace       used 70967K, capacity 71693K, committed 72320K, reserved 1112064K
  class space    used 9630K, capacity 9779K, committed 9856K, reserved 1048576K
}

