# JRE version: Java(TM) SE Runtime Environment (8.0_112-b15) (build 1.8.0_112-b15)
# Java VM: Java HotSpot(TM) 64-Bit Server VM (25.112-b15 mixed mode windows-amd64 compressed oops)
Heap:
 PSYoungGen      total 54272K, used 35392K [0x00000007bc400000, 0x00000007c0000000, 0x00000007c0000000)
  eden space 47104K, 75% used [0x00000007bc400000,0x00000007be6900e8,0x00000007bf200000)
  from space 7168K, 0% used [0x00000007bf200000,0x00000007bf200000,0x00000007bf900000)
  to   space 7168K, 0% used [0x00000007bf900000,0x00000007bf900000,0x00000007c0000000)
 ParOldGen       total 258560K, used 118996K [0x0000000700000000, 0x000000070fc80000, 0x00000007bc400000)
  object space 258560K, 46% used [0x0000000700000000,0x0000000707435238,0x000000070fc80000)
 Metaspace       used 81613K, capacity 82621K, committed 83200K, reserved 1120256K
  class space    used 11813K, capacity 11987K, committed 12032K, reserved 1048576K
GC Heap History (10 events):
Event: 42962.321 GC heap before
{Heap before GC invocations=1914 (full 432):
 PSYoungGen      total 51712K, used 51632K [0x00000007bc400000, 0x00000007c0000000, 0x00000007c0000000)
  eden space 47616K, 100% used [0x00000007bc400000,0x00000007bf280000,0x00000007bf280000)
  from space 4096K, 98% used [0x00000007bf300000,0x00000007bf6ec2f8,0x00000007bf700000)
  to   space 7168K, 0% used [0x00000007bf900000,0x00000007bf900000,0x00000007c0000000)
 ParOldGen       total 258560K, used 117293K [0x0000000700000000, 0x000000070fc80000, 0x00000007bc400000)
  object space 258560K, 45% used [0x0000000700000000,0x000000070728b420,0x000000070fc80000)
 Metaspace       used 81611K, capacity 82621K, committed 83200K, reserved 1120256K
  class space    used 11813K, capacity 11987K, committed 12032K, reserved 1048576K
Event: 42962.326 GC heap after
Heap after GC invocations=1914 (full 432):
 PSYoungGen      total 54272K, used 3874K [0x00000007bc400000, 0x00000007c0000000, 0x00000007c0000000)
  eden space 47104K, 0% used [0x00000007bc400000,0x00000007bc400000,0x00000007bf200000)
  from space 7168K, 54% used [0x00000007bf900000,0x00000007bfcc8a20,0x00000007c0000000)
  to   space 7168K, 0% used [0x00000007bf200000,0x00000007bf200000,0x00000007bf900000)
 ParOldGen       total 258560K, used 117309K [0x0000000700000000, 0x000000070fc80000, 0x00000007bc400000)
  object space 258560K, 45% used [0x0000000700000000,0x000000070728f420,0x000000070fc80000)
 Metaspace       used 81611K, capacity 82621K, committed 83200K, reserved 1120256K
  class space    used 11813K, capacity 11987K, committed 12032K, reserved 1048576K
}
Event: 42967.307 GC heap before
{Heap before GC invocations=1915 (full 432):
 PSYoungGen      total 54272K, used 50978K [0x00000007bc400000, 0x00000007c0000000, 0x00000007c0000000)
  eden space 47104K, 100% used [0x00000007bc400000,0x00000007bf200000,0x00000007bf200000)
  from space 7168K, 54% used [0x00000007bf900000,0x00000007bfcc8a20,0x00000007c0000000)
  to   space 7168K, 0% used [0x00000007bf200000,0x00000007bf200000,0x00000007bf900000)
 ParOldGen       total 258560K, used 117309K [0x0000000700000000, 0x000000070fc80000, 0x00000007bc400000)
  object space 258560K, 45% used [0x0000000700000000,0x000000070728f420,0x000000070fc80000)
 Metaspace       used 81611K, capacity 82621K, committed 83200K, reserved 1120256K
  class space    used 11813K, capacity 11987K, committed 12032K, reserved 1048576K
Event: 42967.312 GC heap after
Heap after GC invocations=1915 (full 432):
 PSYoungGen      total 54272K, used 4002K [0x00000007bc400000, 0x00000007c0000000, 0x00000007c0000000)
  eden space 47104K, 0% used [0x00000007bc400000,0x00000007bc400000,0x00000007bf200000)
  from space 7168K, 55% used [0x00000007bf200000,0x00000007bf5e8a20,0x00000007bf900000)
  to   space 7168K, 0% used [0x00000007bf900000,0x00000007bf900000,0x00000007c0000000)
 ParOldGen       total 258560K, used 117325K [0x0000000700000000, 0x000000070fc80000, 0x00000007bc400000)
  object space 258560K, 45% used [0x0000000700000000,0x0000000707293420,0x000000070fc80000)
 Metaspace       used 81611K, capacity 82621K, committed 83200K, reserved 1120256K
  class space    used 11813K, capacity 11987K, committed 12032K, reserved 1048576K
}
Event: 42969.081 GC heap before
{Heap before GC invocations=1916 (full 432):
 PSYoungGen      total 54272K, used 51106K [0x00000007bc400000, 0x00000007c0000000, 0x00000007c0000000)
  eden space 47104K, 100% used [0x00000007bc400000,0x00000007bf200000,0x00000007bf200000)
  from space 7168K, 55% used [0x00000007bf200000,0x00000007bf5e8a20,0x00000007bf900000)
  to   space 7168K, 0% used [0x00000007bf900000,0x00000007bf900000,0x00000007c0000000)
 ParOldGen       total 258560K, used 117325K [0x0000000700000000, 0x000000070fc80000, 0x00000007bc400000)
  object space 258560K, 45% used [0x0000000700000000,0x0000000707293420,0x000000070fc80000)
 Metaspace       used 81613K, capacity 82621K, committed 83200K, reserved 1120256K
  class space    used 11813K, capacity 11987K, committed 12032K, reserved 1048576K
Event: 42969.085 GC heap after
Heap after GC invocations=1916 (full 432):
 PSYoungGen      total 54272K, used 4176K [0x00000007bc400000, 0x00000007c0000000, 0x00000007c0000000)
  eden space 47104K, 0% used [0x00000007bc400000,0x00000007bc400000,0x00000007bf200000)
  from space 7168K, 58% used [0x00000007bf900000,0x00000007bfd142f8,0x00000007c0000000)
  to   space 7168K, 0% used [0x00000007bf200000,0x00000007bf200000,0x00000007bf900000)
 ParOldGen       total 258560K, used 117341K [0x0000000700000000, 0x000000070fc80000, 0x00000007bc400000)
  object space 258560K, 45% used [0x0000000700000000,0x0000000707297420,0x000000070fc80000)
 Metaspace       used 81613K, capacity 82621K, committed 83200K, reserved 1120256K
  class space    used 11813K, capacity 11987K, committed 12032K, reserved 1048576K
}
Event: 42971.386 GC heap before
{Heap before GC invocations=1917 (full 432):
 PSYoungGen      total 54272K, used 40214K [0x00000007bc400000, 0x00000007c0000000, 0x00000007c0000000)
  eden space 47104K, 76% used [0x00000007bc400000,0x00000007be7316f0,0x00000007bf200000)
  from space 7168K, 58% used [0x00000007bf900000,0x00000007bfd142f8,0x00000007c0000000)
  to   space 7168K, 0% used [0x00000007bf200000,0x00000007bf200000,0x00000007bf900000)
 ParOldGen       total 258560K, used 117341K [0x0000000700000000, 0x000000070fc80000, 0x00000007bc400000)
  object space 258560K, 45% used [0x0000000700000000,0x0000000707297420,0x000000070fc80000)
 Metaspace       used 81613K, capacity 82621K, committed 83200K, reserved 1120256K
  class space    used 11813K, capacity 11987K, committed 12032K, reserved 1048576K
Event: 42971.391 GC heap after
Heap after GC invocations=1917 (full 432):
 PSYoungGen      total 54272K, used 4240K [0x00000007bc400000, 0x00000007c0000000, 0x00000007c0000000)
  eden space 47104K, 0% used [0x00000007bc400000,0x00000007bc400000,0x00000007bf200000)
  from space 7168K, 59% used [0x00000007bf200000,0x00000007bf6242f8,0x00000007bf900000)
  to   space 7168K, 0% used [0x00000007bf900000,0x00000007bf900000,0x00000007c0000000)
 ParOldGen       total 258560K, used 117341K [0x0000000700000000, 0x000000070fc80000, 0x00000007bc400000)
  object space 258560K, 45% used [0x0000000700000000,0x0000000707297420,0x000000070fc80000)
 Metaspace       used 81613K, capacity 82621K, committed 83200K, reserved 1120256K
  class space    used 11813K, capacity 11987K, committed 12032K, reserved 1048576K
}
Event: 42971.391 GC heap before
{Heap before GC invocations=1918 (full 433):
 PSYoungGen      total 54272K, used 4240K [0x00000007bc400000, 0x00000007c0000000, 0x00000007c0000000)
  eden space 47104K, 0% used [0x00000007bc400000,0x00000007bc400000,0x00000007bf200000)
  from space 7168K, 59% used [0x00000007bf200000,0x00000007bf6242f8,0x00000007bf900000)
  to   space 7168K, 0% used [0x00000007bf900000,0x00000007bf900000,0x00000007c0000000)
 ParOldGen       total 258560K, used 117341K [0x0000000700000000, 0x000000070fc80000, 0x00000007bc400000)
  object space 258560K, 45% used [0x0000000700000000,0x0000000707297420,0x000000070fc80000)
 Metaspace       used 81613K, capacity 82621K, committed 83200K, reserved 1120256K
  class space    used 11813K, capacity 11987K, committed 12032K, reserved 1048576K
Event: 42971.608 GC heap after
Heap after GC invocations=1918 (full 433):
 PSYoungGen      total 54272K, used 0K [0x00000007bc400000, 0x00000007c0000000, 0x00000007c0000000)
  eden space 47104K, 0% used [0x00000007bc400000,0x00000007bc400000,0x00000007bf200000)
  from space 7168K, 0% used [0x00000007bf200000,0x00000007bf200000,0x00000007bf900000)
  to   space 7168K, 0% used [0x00000007bf900000,0x00000007bf900000,0x00000007c0000000)
 ParOldGen       total 258560K, used 118996K [0x0000000700000000, 0x000000070fc80000, 0x00000007bc400000)
  object space 258560K, 46% used [0x0000000700000000,0x0000000707435238,0x000000070fc80000)
 Metaspace       used 81613K, capacity 82621K, committed 83200K, reserved 1120256K
  class space    used 11813K, capacity 11987K, committed 12032K, reserved 1048576K
}

