# JRE version: Java(TM) SE Runtime Environment (8.0_112-b15) (build 1.8.0_112-b15)
# Java VM: Java HotSpot(TM) 64-Bit Server VM (25.112-b15 mixed mode windows-amd64 compressed oops)
Heap:
 PSYoungGen      total 54784K, used 37992K [0x00000007bc400000, 0x00000007c0000000, 0x00000007c0000000)
  eden space 51200K, 74% used [0x00000007bc400000,0x00000007be91a3e0,0x00000007bf600000)
  from space 3584K, 0% used [0x00000007bf600000,0x00000007bf600000,0x00000007bf980000)
  to   space 5632K, 0% used [0x00000007bfa80000,0x00000007bfa80000,0x00000007c0000000)
 ParOldGen       total 135168K, used 53521K [0x0000000700000000, 0x0000000708400000, 0x00000007bc400000)
  object space 135168K, 39% used [0x0000000700000000,0x0000000703444558,0x0000000708400000)
 Metaspace       used 70658K, capacity 71329K, committed 72064K, reserved 1112064K
  class space    used 9619K, capacity 9767K, committed 9856K, reserved 1048576K
GC Heap History (10 events):
Event: 1052.218 GC heap before
{Heap before GC invocations=228 (full 69):
 PSYoungGen      total 55808K, used 39076K [0x00000007bc400000, 0x00000007c0000000, 0x00000007c0000000)
  eden space 51200K, 70% used [0x00000007bc400000,0x00000007be75bf88,0x00000007bf600000)
  from space 4608K, 62% used [0x00000007bfb80000,0x00000007bfe4d3f8,0x00000007c0000000)
  to   space 5120K, 0% used [0x00000007bf600000,0x00000007bf600000,0x00000007bfb00000)
 ParOldGen       total 135168K, used 53222K [0x0000000700000000, 0x0000000708400000, 0x00000007bc400000)
  object space 135168K, 39% used [0x0000000700000000,0x00000007033f99f0,0x0000000708400000)
 Metaspace       used 70616K, capacity 71329K, committed 72064K, reserved 1112064K
  class space    used 9619K, capacity 9767K, committed 9856K, reserved 1048576K
Event: 1052.222 GC heap after
Heap after GC invocations=228 (full 69):
 PSYoungGen      total 56320K, used 2868K [0x00000007bc400000, 0x00000007c0000000, 0x00000007c0000000)
  eden space 51200K, 0% used [0x00000007bc400000,0x00000007bc400000,0x00000007bf600000)
  from space 5120K, 56% used [0x00000007bf600000,0x00000007bf8cd3f8,0x00000007bfb00000)
  to   space 5120K, 0% used [0x00000007bfb00000,0x00000007bfb00000,0x00000007c0000000)
 ParOldGen       total 135168K, used 53222K [0x0000000700000000, 0x0000000708400000, 0x00000007bc400000)
  object space 135168K, 39% used [0x0000000700000000,0x00000007033f99f0,0x0000000708400000)
 Metaspace       used 70616K, capacity 71329K, committed 72064K, reserved 1112064K
  class space    used 9619K, capacity 9767K, committed 9856K, reserved 1048576K
}
Event: 1052.222 GC heap before
{Heap before GC invocations=229 (full 70):
 PSYoungGen      total 56320K, used 2868K [0x00000007bc400000, 0x00000007c0000000, 0x00000007c0000000)
  eden space 51200K, 0% used [0x00000007bc400000,0x00000007bc400000,0x00000007bf600000)
  from space 5120K, 56% used [0x00000007bf600000,0x00000007bf8cd3f8,0x00000007bfb00000)
  to   space 5120K, 0% used [0x00000007bfb00000,0x00000007bfb00000,0x00000007c0000000)
 ParOldGen       total 135168K, used 53222K [0x0000000700000000, 0x0000000708400000, 0x00000007bc400000)
  object space 135168K, 39% used [0x0000000700000000,0x00000007033f99f0,0x0000000708400000)
 Metaspace       used 70616K, capacity 71329K, committed 72064K, reserved 1112064K
  class space    used 9619K, capacity 9767K, committed 9856K, reserved 1048576K
Event: 1052.346 GC heap after
Heap after GC invocations=229 (full 70):
 PSYoungGen      total 56320K, used 0K [0x00000007bc400000, 0x00000007c0000000, 0x00000007c0000000)
  eden space 51200K, 0% used [0x00000007bc400000,0x00000007bc400000,0x00000007bf600000)
  from space 5120K, 0% used [0x00000007bf600000,0x00000007bf600000,0x00000007bfb00000)
  to   space 5120K, 0% used [0x00000007bfb00000,0x00000007bfb00000,0x00000007c0000000)
 ParOldGen       total 135168K, used 53255K [0x0000000700000000, 0x0000000708400000, 0x00000007bc400000)
  object space 135168K, 39% used [0x0000000700000000,0x0000000703401c28,0x0000000708400000)
 Metaspace       used 70616K, capacity 71329K, committed 72064K, reserved 1112064K
  class space    used 9619K, capacity 9767K, committed 9856K, reserved 1048576K
}
Event: 1056.518 GC heap before
{Heap before GC invocations=230 (full 70):
 PSYoungGen      total 56320K, used 51200K [0x00000007bc400000, 0x00000007c0000000, 0x00000007c0000000)
  eden space 51200K, 100% used [0x00000007bc400000,0x00000007bf600000,0x00000007bf600000)
  from space 5120K, 0% used [0x00000007bf600000,0x00000007bf600000,0x00000007bfb00000)
  to   space 5120K, 0% used [0x00000007bfb00000,0x00000007bfb00000,0x00000007c0000000)
 ParOldGen       total 135168K, used 53255K [0x0000000700000000, 0x0000000708400000, 0x00000007bc400000)
  object space 135168K, 39% used [0x0000000700000000,0x0000000703401c28,0x0000000708400000)
 Metaspace       used 70631K, capacity 71329K, committed 72064K, reserved 1112064K
  class space    used 9619K, capacity 9767K, committed 9856K, reserved 1048576K
Event: 1056.526 GC heap after
Heap after GC invocations=230 (full 70):
 PSYoungGen      total 56320K, used 2883K [0x00000007bc400000, 0x00000007c0000000, 0x00000007c0000000)
  eden space 51200K, 0% used [0x00000007bc400000,0x00000007bc400000,0x00000007bf600000)
  from space 5120K, 56% used [0x00000007bfb00000,0x00000007bfdd0cd0,0x00000007c0000000)
  to   space 5120K, 0% used [0x00000007bf600000,0x00000007bf600000,0x00000007bfb00000)
 ParOldGen       total 135168K, used 53263K [0x0000000700000000, 0x0000000708400000, 0x00000007bc400000)
  object space 135168K, 39% used [0x0000000700000000,0x0000000703403c28,0x0000000708400000)
 Metaspace       used 70631K, capacity 71329K, committed 72064K, reserved 1112064K
  class space    used 9619K, capacity 9767K, committed 9856K, reserved 1048576K
}
Event: 1059.185 GC heap before
{Heap before GC invocations=231 (full 70):
 PSYoungGen      total 56320K, used 26229K [0x00000007bc400000, 0x00000007c0000000, 0x00000007c0000000)
  eden space 51200K, 45% used [0x00000007bc400000,0x00000007bdacc9d0,0x00000007bf600000)
  from space 5120K, 56% used [0x00000007bfb00000,0x00000007bfdd0cd0,0x00000007c0000000)
  to   space 5120K, 0% used [0x00000007bf600000,0x00000007bf600000,0x00000007bfb00000)
 ParOldGen       total 135168K, used 53263K [0x0000000700000000, 0x0000000708400000, 0x00000007bc400000)
  object space 135168K, 39% used [0x0000000700000000,0x0000000703403c28,0x0000000708400000)
 Metaspace       used 70642K, capacity 71329K, committed 72064K, reserved 1112064K
  class space    used 9619K, capacity 9767K, committed 9856K, reserved 1048576K
Event: 1059.189 GC heap after
Heap after GC invocations=231 (full 70):
 PSYoungGen      total 54784K, used 3166K [0x00000007bc400000, 0x00000007c0000000, 0x00000007c0000000)
  eden space 51200K, 0% used [0x00000007bc400000,0x00000007bc400000,0x00000007bf600000)
  from space 3584K, 88% used [0x00000007bf600000,0x00000007bf917a98,0x00000007bf980000)
  to   space 5632K, 0% used [0x00000007bfa80000,0x00000007bfa80000,0x00000007c0000000)
 ParOldGen       total 135168K, used 53263K [0x0000000700000000, 0x0000000708400000, 0x00000007bc400000)
  object space 135168K, 39% used [0x0000000700000000,0x0000000703403c28,0x0000000708400000)
 Metaspace       used 70642K, capacity 71329K, committed 72064K, reserved 1112064K
  class space    used 9619K, capacity 9767K, committed 9856K, reserved 1048576K
}
Event: 1059.189 GC heap before
{Heap before GC invocations=232 (full 71):
 PSYoungGen      total 54784K, used 3166K [0x00000007bc400000, 0x00000007c0000000, 0x00000007c0000000)
  eden space 51200K, 0% used [0x00000007bc400000,0x00000007bc400000,0x00000007bf600000)
  from space 3584K, 88% used [0x00000007bf600000,0x00000007bf917a98,0x00000007bf980000)
  to   space 5632K, 0% used [0x00000007bfa80000,0x00000007bfa80000,0x00000007c0000000)
 ParOldGen       total 135168K, used 53263K [0x0000000700000000, 0x0000000708400000, 0x00000007bc400000)
  object space 135168K, 39% used [0x0000000700000000,0x0000000703403c28,0x0000000708400000)
 Metaspace       used 70642K, capacity 71329K, committed 72064K, reserved 1112064K
  class space    used 9619K, capacity 9767K, committed 9856K, reserved 1048576K
Event: 1059.321 GC heap after
Heap after GC invocations=232 (full 71):
 PSYoungGen      total 54784K, used 0K [0x00000007bc400000, 0x00000007c0000000, 0x00000007c0000000)
  eden space 51200K, 0% used [0x00000007bc400000,0x00000007bc400000,0x00000007bf600000)
  from space 3584K, 0% used [0x00000007bf600000,0x00000007bf600000,0x00000007bf980000)
  to   space 5632K, 0% used [0x00000007bfa80000,0x00000007bfa80000,0x00000007c0000000)
 ParOldGen       total 135168K, used 53521K [0x0000000700000000, 0x0000000708400000, 0x00000007bc400000)
  object space 135168K, 39% used [0x0000000700000000,0x0000000703444558,0x0000000708400000)
 Metaspace       used 70642K, capacity 71329K, committed 72064K, reserved 1112064K
  class space    used 9619K, capacity 9767K, committed 9856K, reserved 1048576K
}

